Arguments: 
  C:\Program Files\nodejs\node.exe C:\Program Files (x86)\Yarn\bin\yarn.js install

PATH: 
  C:\Python312\Scripts\;C:\Python312\;C:\Windows\system32;C:\Windows;C:\Windows\System32\Wbem;C:\Windows\System32\WindowsPowerShell\v1.0\;C:\Windows\System32\OpenSSH\;C:\msys64\mingw64\bin;C:\Program Files\Git\cmd;C:\xampp\php;C:\Program Files\MongoDB\Server\6.0\bin;C:\Program Files (x86)\dotnet\;C:\Program Files\dotnet\;C:\Program Files\WireGuard\;C:\Program Files (x86)\Yarn\bin\;C:\Program Files\Docker\Docker\resources\bin;C:\ProgramData\chocolatey\bin;C:\Program Files\Go\bin;C:\Users\DELL\AppData\Roaming\nvm;C:\Program Files\nodejs;C:\Users\DELL\AppData\Local\Microsoft\WindowsApps;C:\Users\DELL\AppData\Local\Programs\Microsoft VS Code\bin;C:\Program Files\JetBrains\PyCharm 2022.2\bin;C:\Program Files\JetBrains\PyCharm Community Edition 2023.2.3\bin;C:\Users\DELL\AppData\Local\Yarn\bin;C:\Users\DELL\AppData\Roaming\npm;C:\Users\DELL\.fly\bin;C:\Users\DELL\go\bin;C:\Users\DELL\.bun\bin;C:\Users\DELL\AppData\Roaming\Python\Scripts;C:\Users\DELL\AppData\Roaming\nvm;C:\Program Files\nodejs;C:\protoc\bin;

Yarn version: 
  1.22.4

Node version: 
  18.20.0

Platform: 
  win32 x64

Trace: 
  Error: getaddrinfo EAI_AGAIN registry.yarnpkg.com
      at GetAddrInfoReqWrap.onlookup [as oncomplete] (node:dns:107:26)

npm manifest: 
  {
    "name": "p",
    "version": "0.1.0",
    "private": true,
    "scripts": {
      "dev": "next dev",
      "build": "next build",
      "start": "next start",
      "lint": "next lint",
      "type-check": "tsc --noEmit --strict"
    },
    "dependencies": {
      "react": "^18",
      "react-dom": "^18",
      "next": "14.2.13"
    },
    "devDependencies": {
      "typescript": "^5",
      "@types/react-dom": "^18",
      "@typescript-eslint/eslint-plugin": "^5.59.5",
      "@typescript-eslint/parser": "^5.59.5",
      "@types/node": "^20",
      "@types/react": "^18",
      "postcss": "^8",
      "tailwindcss": "^3.4.1",
      "eslint": "^8",
      "eslint-config-airbnb": "^19.0.4",
      "eslint-config-prettier": "^8.8.0",
      "eslint-plugin-import": "^2.27.5",
      "eslint-plugin-jsx-a11y": "^6.7.1",
      "eslint-plugin-react": "^7.32.2",
      "eslint-plugin-react-hooks": "^4.6.0",
      "eslint-plugin-sonarjs": "^0.19.0",
      "eslint-config-next": "14.2.13"
    }
  }

yarn manifest: 
  No manifest

Lockfile: 
  No lockfile
